{"name": "test_SignUp_002", "status": "failed", "statusDetails": {"message": "AssertionError: assert False", "trace": "self = <test_cases.Test_Data.test_Login_page.Test_SignUp object at 0x0000021F4B5FB3E0>\nsetup = <selenium.webdriver.chrome.webdriver.WebDriver (session=\"b6bb568a450d7ed39e6acf9a27a9d730\")>\n\n    def test_SignUp_002(self, setup):\n        self.driver=setup\n        self.su=SignUp_Class(self.driver)\n        self.driver.save_screenshot(\".\\\\ScreenShots\\\\signup_interface.jpg\")\n        self.su.SignUp_button()\n        self.su.Enter_username(\"seusaar5bh\")\n        time.sleep(2)\n        self.driver.execute_script(\"window.scrollTo(0, document.body.scrollHeight);\")\n        self.su.Enter_password(\"Sraafs4bh@1123\")\n        time.sleep(2)\n        self.su.Enter_email(\"sraeefbah1@gamail.com\")\n        time.sleep(2)\n        self.su.Enter_phone(\"9846578811\")\n        self.su.Create_User_button()\n        time.sleep(2)\n        if self.su.success_msg_validation()==\"User created successfully\":\n            self.driver.save_screenshot(\".\\\\ScreenShots\\\\User creation.jpg\")\n            time.sleep(2)\n            assert True\n        else:\n>           assert False\nE           assert False\n\ntest_cases\\Test_Data\\test_Login_page.py:39: AssertionError"}, "start": 1723375167990, "stop": 1723375200423, "uuid": "936433c6-ade5-4d4b-a428-ea6a5e0d2467", "historyId": "6c06d97b572b35d20aecbc0c53eca7a8", "testCaseId": "6c06d97b572b35d20aecbc0c53eca7a8", "fullName": "test_cases.Test_Data.test_Login_page.Test_SignUp#test_SignUp_002", "labels": [{"name": "parentSuite", "value": "test_cases.Test_Data"}, {"name": "suite", "value": "test_Login_page"}, {"name": "subSuite", "value": "Test_SignUp"}, {"name": "host", "value": "OG-THOR"}, {"name": "thread", "value": "5460-MainThread"}, {"name": "framework", "value": "pytest"}, {"name": "language", "value": "cpython3"}, {"name": "package", "value": "test_cases.Test_Data.test_Login_page"}]}